Change Component Designator: Old Designator=C11 New Designator=C12
Change Component Designator: Old Designator=C12 New Designator=C13
Change Component Designator: Old Designator=C13 New Designator=C15
Change Component Designator: Old Designator=C14 New Designator=C16
Change Component Designator: Old Designator=C15 New Designator=C17
Change Component Designator: Old Designator=C16 New Designator=C18
Change Component Designator: Old Designator=C17 New Designator=C19
Change Component Designator: Old Designator=C18 New Designator=C20
Change Component Designator: Old Designator=C19 New Designator=C21
Change Component Designator: Old Designator=C20 New Designator=C22
Change Component Designator: Old Designator=C21 New Designator=C23
Change Component Designator: Old Designator=C22 New Designator=C24
Change Component Designator: Old Designator=C23 New Designator=C25
Change Component Designator: Old Designator=C24 New Designator=C26
Change Component Designator: Old Designator=C25 New Designator=C27
Change Component Designator: Old Designator=C26 New Designator=C28
Change Component Designator: Old Designator=C27 New Designator=C29
Change Component Designator: Old Designator=C28 New Designator=C30
Change Component Designator: Old Designator=C29 New Designator=C31
Change Component Designator: Old Designator=C30 New Designator=C32
Change Component Designator: Old Designator=C31 New Designator=C33
Change Component Designator: Old Designator=C32 New Designator=C34
Change Component Designator: Old Designator=C33 New Designator=C35
Change Component Designator: Old Designator=C34 New Designator=C36
Change Component Designator: Old Designator=C35 New Designator=C37
Change Component Designator: Old Designator=C36 New Designator=C38
Change Component Designator: Old Designator=C37 New Designator=C39
Change Component Designator: Old Designator=C38 New Designator=C40
Change Component Designator: Old Designator=C39 New Designator=C41
Change Component Designator: Old Designator=C40 New Designator=C43
Change Component Designator: Old Designator=C41 New Designator=C44
Change Component Designator: Old Designator=C42 New Designator=C45
Change Component Designator: Old Designator=C43 New Designator=C46
Change Component Designator: Old Designator=C44 New Designator=C48
Change Component Designator: Old Designator=C45 New Designator=C49
Change Component Designator: Old Designator=C46 New Designator=C57
Change Component Designator: Old Designator=C47 New Designator=C58
Change Component Designator: Old Designator=C48 New Designator=C59
Change Component Designator: Old Designator=C49 New Designator=C60
Change Component Designator: Old Designator=C50 New Designator=C61
Change Component Designator: Old Designator=C51 New Designator=C62
Change Component Designator: Old Designator=C52 New Designator=C63
Change Component Designator: Old Designator=C53 New Designator=C64
Change Component Designator: Old Designator=C54 New Designator=C65
Change Component Designator: Old Designator=C55 New Designator=C66
Change Component Designator: Old Designator=C56 New Designator=C74
Change Component Designator: Old Designator=C57 New Designator=C75
Change Component Designator: Old Designator=C58 New Designator=C77
Change Component Designator: Old Designator=C59 New Designator=C78
Change Component Designator: Old Designator=C60 New Designator=C79
Change Component Designator: Old Designator=C61 New Designator=C80
Change Component Designator: Old Designator=C62 New Designator=C82
Change Component Designator: Old Designator=C63 New Designator=C83
Change Component Designator: Old Designator=C64 New Designator=C84
Change Component Designator: Old Designator=C65 New Designator=C85
Change Component Designator: Old Designator=C66 New Designator=C86
Change Component Designator: Old Designator=C67 New Designator=C87
Change Component Designator: Old Designator=C68 New Designator=C96
Change Component Designator: Old Designator=C69 New Designator=C97
Change Component Designator: Old Designator=C70 New Designator=C98
Change Component Designator: Old Designator=C71 New Designator=C99
Change Component Designator: Old Designator=C72 New Designator=C100
Change Component Designator: Old Designator=C73 New Designator=C101
Change Component Designator: Old Designator=C74 New Designator=C103
Change Component Designator: Old Designator=C75 New Designator=C104
Change Component Designator: Old Designator=C76 New Designator=C105
Change Component Designator: Old Designator=C77 New Designator=C106
Change Component Designator: Old Designator=C78 New Designator=C107
Change Component Designator: Old Designator=C79 New Designator=C108
Change Component Designator: Old Designator=C80 New Designator=C109
Change Component Designator: Old Designator=C81 New Designator=C110
Change Component Designator: Old Designator=C82 New Designator=C111
Change Component Designator: Old Designator=C83 New Designator=C112
Change Component Designator: Old Designator=C84 New Designator=C113
Change Component Designator: Old Designator=C85 New Designator=C114
Change Component Designator: Old Designator=C86 New Designator=C115
Change Component Designator: Old Designator=C87 New Designator=C116
Change Component Designator: Old Designator=C88 New Designator=C117
Change Component Designator: Old Designator=C89 New Designator=C118
Change Component Designator: Old Designator=C? New Designator=C11
Change Component Designator: Old Designator=C? New Designator=C14
Change Component Designator: Old Designator=C? New Designator=C42
Change Component Designator: Old Designator=C? New Designator=C47
Change Component Designator: Old Designator=C? New Designator=C50
Change Component Designator: Old Designator=C? New Designator=C51
Change Component Designator: Old Designator=C? New Designator=C52
Change Component Designator: Old Designator=C? New Designator=C53
Change Component Designator: Old Designator=C? New Designator=C54
Change Component Designator: Old Designator=C? New Designator=C55
Change Component Designator: Old Designator=C? New Designator=C56
Change Component Designator: Old Designator=C? New Designator=C67
Change Component Designator: Old Designator=C? New Designator=C68
Change Component Designator: Old Designator=C? New Designator=C69
Change Component Designator: Old Designator=C? New Designator=C70
Change Component Designator: Old Designator=C? New Designator=C71
Change Component Designator: Old Designator=C? New Designator=C72
Change Component Designator: Old Designator=C? New Designator=C73
Change Component Designator: Old Designator=C? New Designator=C76
Change Component Designator: Old Designator=C? New Designator=C81
Change Component Designator: Old Designator=C? New Designator=C88
Change Component Designator: Old Designator=C? New Designator=C89
Change Component Designator: Old Designator=C? New Designator=C90
Change Component Designator: Old Designator=C? New Designator=C91
Change Component Designator: Old Designator=C? New Designator=C92
Change Component Designator: Old Designator=C? New Designator=C93
Change Component Designator: Old Designator=C? New Designator=C94
Change Component Designator: Old Designator=C? New Designator=C95
Change Component Designator: Old Designator=C? New Designator=C102
Change Component Designator: Old Designator=CR3 New Designator=CR4
Change Component Designator: Old Designator=CR4 New Designator=CR5
Change Component Designator: Old Designator=CR5 New Designator=CR6
Change Component Designator: Old Designator=CR6 New Designator=CR7
Change Component Designator: Old Designator=CR7 New Designator=CR8
Change Component Designator: Old Designator=CR8 New Designator=CR9
Change Component Designator: Old Designator=CR9 New Designator=CR10
Change Component Designator: Old Designator=CR10 New Designator=CR11
Change Component Designator: Old Designator=CR11 New Designator=CR12
Change Component Designator: Old Designator=CR12 New Designator=CR13
Change Component Designator: Old Designator=CR13 New Designator=CR14
Change Component Designator: Old Designator=CR14 New Designator=CR15
Change Component Designator: Old Designator=CR15 New Designator=CR16
Change Component Designator: Old Designator=CR16 New Designator=CR17
Change Component Designator: Old Designator=CR? New Designator=CR3
Change Component Designator: Old Designator=D1 New Designator=D2
Change Component Designator: Old Designator=D? New Designator=D1
Change Component Designator: Old Designator=D? New Designator=D3
Change Component Designator: Old Designator=L1 New Designator=L2
Change Component Designator: Old Designator=L? New Designator=L1
Change Component Designator: Old Designator=L? New Designator=L3
Change Component Designator: Old Designator=R9 New Designator=R10
Change Component Designator: Old Designator=R10 New Designator=R11
Change Component Designator: Old Designator=R11 New Designator=R12
Change Component Designator: Old Designator=R12 New Designator=R13
Change Component Designator: Old Designator=R13 New Designator=R14
Change Component Designator: Old Designator=R14 New Designator=R15
Change Component Designator: Old Designator=R15 New Designator=R16
Change Component Designator: Old Designator=R16 New Designator=R17
Change Component Designator: Old Designator=R17 New Designator=R18
Change Component Designator: Old Designator=R18 New Designator=R19
Change Component Designator: Old Designator=R19 New Designator=R20
Change Component Designator: Old Designator=R20 New Designator=R21
Change Component Designator: Old Designator=R21 New Designator=R22
Change Component Designator: Old Designator=R22 New Designator=R23
Change Component Designator: Old Designator=R23 New Designator=R24
Change Component Designator: Old Designator=R24 New Designator=R25
Change Component Designator: Old Designator=R25 New Designator=R26
Change Component Designator: Old Designator=R26 New Designator=R27
Change Component Designator: Old Designator=R27 New Designator=R28
Change Component Designator: Old Designator=R28 New Designator=R29
Change Component Designator: Old Designator=R29 New Designator=R30
Change Component Designator: Old Designator=R30 New Designator=R31
Change Component Designator: Old Designator=R31 New Designator=R32
Change Component Designator: Old Designator=R32 New Designator=R33
Change Component Designator: Old Designator=R33 New Designator=R34
Change Component Designator: Old Designator=R34 New Designator=R35
Change Component Designator: Old Designator=R35 New Designator=R37
Change Component Designator: Old Designator=R36 New Designator=R38
Change Component Designator: Old Designator=R37 New Designator=R42
Change Component Designator: Old Designator=R38 New Designator=R43
Change Component Designator: Old Designator=R39 New Designator=R44
Change Component Designator: Old Designator=R40 New Designator=R45
Change Component Designator: Old Designator=R41 New Designator=R46
Change Component Designator: Old Designator=R42 New Designator=R47
Change Component Designator: Old Designator=R43 New Designator=R49
Change Component Designator: Old Designator=R44 New Designator=R50
Change Component Designator: Old Designator=R45 New Designator=R52
Change Component Designator: Old Designator=R46 New Designator=R53
Change Component Designator: Old Designator=R47 New Designator=R56
Change Component Designator: Old Designator=R48 New Designator=R57
Change Component Designator: Old Designator=R49 New Designator=R58
Change Component Designator: Old Designator=R50 New Designator=R59
Change Component Designator: Old Designator=R51 New Designator=R60
Change Component Designator: Old Designator=R52 New Designator=R61
Change Component Designator: Old Designator=R53 New Designator=R62
Change Component Designator: Old Designator=R54 New Designator=R63
Change Component Designator: Old Designator=R55 New Designator=R68
Change Component Designator: Old Designator=R56 New Designator=R69
Change Component Designator: Old Designator=R57 New Designator=R70
Change Component Designator: Old Designator=R58 New Designator=R71
Change Component Designator: Old Designator=R59 New Designator=R72
Change Component Designator: Old Designator=R60 New Designator=R73
Change Component Designator: Old Designator=R61 New Designator=R74
Change Component Designator: Old Designator=R62 New Designator=R75
Change Component Designator: Old Designator=R63 New Designator=R76
Change Component Designator: Old Designator=R64 New Designator=R77
Change Component Designator: Old Designator=R65 New Designator=R78
Change Component Designator: Old Designator=R66 New Designator=R79
Change Component Designator: Old Designator=R67 New Designator=R80
Change Component Designator: Old Designator=R68 New Designator=R81
Change Component Designator: Old Designator=R69 New Designator=R82
Change Component Designator: Old Designator=R70 New Designator=R83
Change Component Designator: Old Designator=R71 New Designator=R84
Change Component Designator: Old Designator=R72 New Designator=R85
Change Component Designator: Old Designator=R? New Designator=R9
Change Component Designator: Old Designator=R? New Designator=R36
Change Component Designator: Old Designator=R? New Designator=R39
Change Component Designator: Old Designator=R? New Designator=R40
Change Component Designator: Old Designator=R? New Designator=R41
Change Component Designator: Old Designator=R? New Designator=R48
Change Component Designator: Old Designator=R? New Designator=R51
Change Component Designator: Old Designator=R? New Designator=R54
Change Component Designator: Old Designator=R? New Designator=R55
Change Component Designator: Old Designator=R? New Designator=R64
Change Component Designator: Old Designator=R? New Designator=R65
Change Component Designator: Old Designator=R? New Designator=R66
Change Component Designator: Old Designator=R? New Designator=R67
Change Component Designator: Old Designator=U3 New Designator=U4
Change Component Designator: Old Designator=U4 New Designator=U5
Change Component Designator: Old Designator=U5 New Designator=U6
Change Component Designator: Old Designator=U6 New Designator=U7
Change Component Designator: Old Designator=U14 New Designator=U15
Change Component Designator: Old Designator=U15 New Designator=U16
Change Component Designator: Old Designator=U16 New Designator=U18
Change Component Designator: Old Designator=U17 New Designator=U19
Change Component Designator: Old Designator=U18 New Designator=U20
Change Component Designator: Old Designator=U19 New Designator=U21
Change Component Designator: Old Designator=U20 New Designator=U23
Change Component Designator: Old Designator=U21 New Designator=U24
Change Component Designator: Old Designator=U22 New Designator=U25
Change Component Designator: Old Designator=U23 New Designator=U26
Change Component Designator: Old Designator=U24 New Designator=U27
Change Component Designator: Old Designator=U25 New Designator=U28
Change Component Designator: Old Designator=U26 New Designator=U17
Change Component Designator: Old Designator=U? New Designator=U3
Change Component Designator: Old Designator=U? New Designator=U14
Change Component Designator: Old Designator=U? New Designator=U22
Change Component Designator: Old Designator=X3 New Designator=X4
Change Component Designator: Old Designator=X4 New Designator=X5
Change Component Designator: Old Designator=X5 New Designator=X6
Change Component Designator: Old Designator=X6 New Designator=X7
Change Component Designator: Old Designator=X7 New Designator=X8
Change Component Designator: Old Designator=X8 New Designator=X9
Change Component Designator: Old Designator=X? New Designator=X3
