Added Component: Designator=C1(0603)
Add component. Clean all parameters for all variants
Add component (AddParameter): Name = "Built_By"; Value = "EMA_UL_Team"; VariantName = "[No Variations]"
Add component (AddParameter): Name = "Copyright"; Value = "Copyright (C) 2018 Accelerated Designs. All rights reserved"; VariantName = "[No Variations]"
Add component (AddParameter): Name = "Manufacturer_Part_Number"; Value = "0603ZC224JAT2A"; VariantName = "[No Variations]"
Add component (AddParameter): Name = "RefDes"; Value = "RefDes"; VariantName = "[No Variations]"
Add component (AddParameter): Name = "Type"; Value = "DEV"; VariantName = "[No Variations]"
Add component (AddParameter): Name = "Value"; Value = "Value"; VariantName = "[No Variations]"
Add component (AddParameter): Name = "Vendor"; Value = "AVX Corporation"; VariantName = "[No Variations]"
Added Component: Designator=C2(0603)
Add component. Clean all parameters for all variants
Add component (AddParameter): Name = "Built_By"; Value = "EMA_UL_Team"; VariantName = "[No Variations]"
Add component (AddParameter): Name = "Copyright"; Value = "Copyright (C) 2018 Accelerated Designs. All rights reserved"; VariantName = "[No Variations]"
Add component (AddParameter): Name = "Manufacturer_Part_Number"; Value = "0603ZC224JAT2A"; VariantName = "[No Variations]"
Add component (AddParameter): Name = "RefDes"; Value = "RefDes"; VariantName = "[No Variations]"
Add component (AddParameter): Name = "Type"; Value = "DEV"; VariantName = "[No Variations]"
Add component (AddParameter): Name = "Value"; Value = "Value"; VariantName = "[No Variations]"
Add component (AddParameter): Name = "Vendor"; Value = "AVX Corporation"; VariantName = "[No Variations]"
Added Component: Designator=C5(0603)
Add component. Clean all parameters for all variants
Add component (AddParameter): Name = "Built_By"; Value = "EMA_UL_Team"; VariantName = "[No Variations]"
Add component (AddParameter): Name = "Copyright"; Value = "Copyright (C) 2018 Accelerated Designs. All rights reserved"; VariantName = "[No Variations]"
Add component (AddParameter): Name = "Manufacturer_Part_Number"; Value = "0603ZC224JAT2A"; VariantName = "[No Variations]"
Add component (AddParameter): Name = "RefDes"; Value = "RefDes"; VariantName = "[No Variations]"
Add component (AddParameter): Name = "Type"; Value = "DEV"; VariantName = "[No Variations]"
Add component (AddParameter): Name = "Value"; Value = "Value"; VariantName = "[No Variations]"
Add component (AddParameter): Name = "Vendor"; Value = "AVX Corporation"; VariantName = "[No Variations]"
Added Component: Designator=C7(0603)
Add component. Clean all parameters for all variants
Add component (AddParameter): Name = "Built_By"; Value = "EMA_UL_Team"; VariantName = "[No Variations]"
Add component (AddParameter): Name = "Copyright"; Value = "Copyright (C) 2018 Accelerated Designs. All rights reserved"; VariantName = "[No Variations]"
Add component (AddParameter): Name = "Manufacturer_Part_Number"; Value = "0603ZC224JAT2A"; VariantName = "[No Variations]"
Add component (AddParameter): Name = "RefDes"; Value = "RefDes"; VariantName = "[No Variations]"
Add component (AddParameter): Name = "Type"; Value = "DEV"; VariantName = "[No Variations]"
Add component (AddParameter): Name = "Value"; Value = "Value"; VariantName = "[No Variations]"
Add component (AddParameter): Name = "Vendor"; Value = "AVX Corporation"; VariantName = "[No Variations]"
Added Component: Designator=C19(0603)
Add component. Clean all parameters for all variants
Add component (AddParameter): Name = "Built_By"; Value = "EMA_UL_Team"; VariantName = "[No Variations]"
Add component (AddParameter): Name = "Copyright"; Value = "Copyright (C) 2018 Accelerated Designs. All rights reserved"; VariantName = "[No Variations]"
Add component (AddParameter): Name = "Manufacturer_Part_Number"; Value = "0603ZC224JAT2A"; VariantName = "[No Variations]"
Add component (AddParameter): Name = "RefDes"; Value = "RefDes"; VariantName = "[No Variations]"
Add component (AddParameter): Name = "Type"; Value = "DEV"; VariantName = "[No Variations]"
Add component (AddParameter): Name = "Value"; Value = "Value"; VariantName = "[No Variations]"
Add component (AddParameter): Name = "Vendor"; Value = "AVX Corporation"; VariantName = "[No Variations]"
Added Component: Designator=CR1(SMB_STM)
Add component. Clean all parameters for all variants
Add component (AddParameter): Name = "Built_By"; Value = "EMA_UL_Team"; VariantName = "[No Variations]"
Add component (AddParameter): Name = "Copyright"; Value = "Copyright (C) 2018 Accelerated Designs. All rights reserved"; VariantName = "[No Variations]"
Add component (AddParameter): Name = "Manufacturer_Part_Number"; Value = "SM6T15A"; VariantName = "[No Variations]"
Add component (AddParameter): Name = "RefDes"; Value = "RefDes"; VariantName = "[No Variations]"
Add component (AddParameter): Name = "SourceLibrary"; Value = "Update_to_database_2020-12-07"; VariantName = "[No Variations]"
Add component (AddParameter): Name = "Type"; Value = "DEV"; VariantName = "[No Variations]"
Add component (AddParameter): Name = "Vendor"; Value = "STMicroelectronics"; VariantName = "[No Variations]"
Added Component: Designator=J1(MODULE_STM32F4DISCOVERY)
Add component. Clean all parameters for all variants
Add component (AddParameter): Name = "Availability"; Value = "Unavailable"; VariantName = "[No Variations]"
Add component (AddParameter): Name = "MF"; Value = "STMicroelectronics"; VariantName = "[No Variations]"
Add component (AddParameter): Name = "MP"; Value = "STM32F4DISCOVERY"; VariantName = "[No Variations]"
Add component (AddParameter): Name = "Package"; Value = "None"; VariantName = "[No Variations]"
Add component (AddParameter): Name = "Price"; Value = "None"; VariantName = "[No Variations]"
Add component (AddParameter): Name = "SnapEDA_Link"; Value = "https://www.snapeda.com/parts/STM32F4DISCOVERY/STMicroelectronics/view-part/46335/?ref=snap"; VariantName = "[No Variations]"
Add component (AddParameter): Name = "Value"; Value = ""; VariantName = "[No Variations]"
Added Component: Designator=J2(ESP32-DEVKITV1)
Add component. Clean all parameters for all variants
Add component (AddParameter): Name = "Availability"; Value = "Unavailable"; VariantName = "[No Variations]"
Add component (AddParameter): Name = "Check_prices"; Value = "https://www.snapeda.com/parts/ESP32%20DEVKIT%20V1/Do%20it/view-part/5659245/?ref=eda"; VariantName = "[No Variations]"
Add component (AddParameter): Name = "MF"; Value = "Do it"; VariantName = "[No Variations]"
Add component (AddParameter): Name = "MP"; Value = "ESP32 DEVKIT V1"; VariantName = "[No Variations]"
Add component (AddParameter): Name = "Package"; Value = "Package"; VariantName = "[No Variations]"
Add component (AddParameter): Name = "Price"; Value = "None"; VariantName = "[No Variations]"
Add component (AddParameter): Name = "SnapEDA_Link"; Value = "https://www.snapeda.com/parts/ESP32%20DEVKIT%20V1/Do%20it/view-part/5659245/?ref=snap"; VariantName = "[No Variations]"
Add component (AddParameter): Name = "Value"; Value = ""; VariantName = "[No Variations]"
Added Component: Designator=U1(SOIC127P600X175-8N)
Add component. Clean all parameters for all variants
Add component (AddParameter): Name = "Availability"; Value = "Good"; VariantName = "[No Variations]"
Add component (AddParameter): Name = "Check_prices"; Value = "https://www.snapeda.com/parts/IRS2186STRPBF/Infineon%20Technologies/view-part/563209/?ref=eda"; VariantName = "[No Variations]"
Add component (AddParameter): Name = "MF"; Value = "Infineon"; VariantName = "[No Variations]"
Add component (AddParameter): Name = "MP"; Value = "IRS2186STRPBF"; VariantName = "[No Variations]"
Add component (AddParameter): Name = "Package"; Value = "SOIC-8 Infineon"; VariantName = "[No Variations]"
Add component (AddParameter): Name = "Price"; Value = "None"; VariantName = "[No Variations]"
Add component (AddParameter): Name = "Purchase-URL"; Value = "https://pricing.snapeda.com/search/part/IRS2186STRPBF/?ref=eda"; VariantName = "[No Variations]"
Add component (AddParameter): Name = "SnapEDA_Link"; Value = "https://www.snapeda.com/parts/IRS2186STRPBF/Infineon%20Technologies/view-part/563209/?ref=snap"; VariantName = "[No Variations]"
Add component (AddParameter): Name = "Value"; Value = ""; VariantName = "[No Variations]"
Added Component: Designator=VD1(DIOM5436X247N)
Add component. Clean all parameters for all variants
Add component (AddParameter): Name = "Built_By"; Value = "EMA_UL_Team"; VariantName = "[No Variations]"
Add component (AddParameter): Name = "Copyright"; Value = "Copyright (C) 2018 Accelerated Designs. All rights reserved"; VariantName = "[No Variations]"
Add component (AddParameter): Name = "Manufacturer_Part_Number"; Value = "MURS120T"; VariantName = "[No Variations]"
Add component (AddParameter): Name = "RefDes"; Value = "RefDes"; VariantName = "[No Variations]"
Add component (AddParameter): Name = "Type"; Value = "DEV"; VariantName = "[No Variations]"
Add component (AddParameter): Name = "Value"; Value = "Value"; VariantName = "[No Variations]"
Add component (AddParameter): Name = "Vendor"; Value = "Vishay"; VariantName = "[No Variations]"
Added Pin To Net: NetName=GND Pin=C5-1
Added Pin To Net: NetName=GND Pin=C7-1
Added Pin To Net: NetName=NetC7_2 Pin=C7-2
Added Pin To Net: NetName=GND Pin=C19-1
Added Net: Name=+3V_CPU
Added Net: Name=3.6V
Added Net: Name=BLDC4
Added Net: Name=BLDC5
Added Net: Name=GND_2
Added Pin To Net: NetName=NetC2_1 Pin=C2-1
Added Net: Name=NetC2_1
Added Pin To Net: NetName=NetC2_2 Pin=C2-2
Added Net: Name=NetC2_2
Added Net: Name=NetC8_1
Added Net: Name=NetC11_2
Added Net: Name=NetC13_1
Added Net: Name=NetC14_1
Added Net: Name=NetC15_2
Added Pin To Net: NetName=NetC19_2 Pin=C19-2
Added Net: Name=NetC19_2
Added Net: Name=NetC20_1
Added Net: Name=NetC20_2
Added Net: Name=NetC21_2
Added Net: Name=NetC22_2
Added Net: Name=NetC25_2
Added Net: Name=NetHL1_2
Added Net: Name=NetR1_2
Added Net: Name=NetR2_1
Added Net: Name=NetR4_2
Added Net: Name=NetR5_1
Added Net: Name=NetR8_1
Added Net: Name=NetR9_1
Added Net: Name=NetR9_2
Added Net: Name=NetR10_2
Added Net: Name=NetR12_1
Added Net: Name=NetR14_1
Added Net: Name=NetR18_1
Added Net: Name=NetR18_2
Added Net: Name=NetR19_2
Added Net: Name=NetR20_2
Added Net: Name=NetR21_2
Added Net: Name=NetR22_2
Added Net: Name=NetR23_1
Added Net: Name=NetR25_2
Added Net: Name=NetR28_1
Added Net: Name=NetR29_1
Added Net: Name=NetR30_1
Added Net: Name=NetR31_1
Added Net: Name=NetR32_1
Added Net: Name=NetR33_1
Added Net: Name=NetU3_3
Added Net: Name=NetU6_1
Added Net: Name=NetU8_3
Added Net: Name=NetU9_3
Added Net: Name=NetU10_3
Added Net: Name=NetU11_3
Added Net: Name=NetU12_3
Added Net: Name=NetU13_3
Added Net: Name=NetVD5_1
Added Net: Name=PowerStrt
Added Net: Name=RA4
Added Net: Name=RB3
Added Net: Name=RC5
Added Net: Name=RC6
Added Net: Name=RC7
Added Net: Name=Reserv
Added Net: Name=Step
Added Net: Name=VbatMotor
Added Pin To Net: NetName=Vbat Pin=C5-2
Added Net: Name=Vbat
Added Class: Name=Controller
Added Room: Name=Controller
