Added Member To Class: ClassName=Controller Member=Component C14 0.1uF
Added Member To Class: ClassName=Controller Member=Component C42 0.1uF
Added Member To Class: ClassName=Controller Member=Component C47 47uF 16V
Added Member To Class: ClassName=Controller Member=Component C50 47uF 16V
Added Member To Class: ClassName=Controller Member=Component C51 0.01uF
Added Member To Class: ClassName=Controller Member=Component C52 2.2uF
Added Member To Class: ClassName=Controller Member=Component C53 2.2uF
Added Member To Class: ClassName=Controller Member=Component C54 0.1uF
Added Member To Class: ClassName=Controller Member=Component C55 6.8pF
Added Member To Class: ClassName=Controller Member=Component C56 2700pF
Added Member To Class: ClassName=Controller Member=Component C67 0.1uF
Added Member To Class: ClassName=Controller Member=Component C68 47uF 16V
Added Member To Class: ClassName=Controller Member=Component C69 47uF 16V
Added Member To Class: ClassName=Controller Member=Component C70 0.01uF
Added Member To Class: ClassName=Controller Member=Component C71 2.2uF
Added Member To Class: ClassName=Controller Member=Component C72 2.2uF
Added Member To Class: ClassName=Controller Member=Component C73 0.1uF
Added Member To Class: ClassName=Controller Member=Component C76 6.8pF
Added Member To Class: ClassName=Controller Member=Component C81 2700pF
Added Member To Class: ClassName=Controller Member=Component C88 0.1uF
Added Member To Class: ClassName=Controller Member=Component C89 47uF 16V
Added Member To Class: ClassName=Controller Member=Component CR3 SM6T18CA
Added Member To Class: ClassName=Controller Member=Component D1 MBRS260T3G
Added Member To Class: ClassName=Controller Member=Component R36 82k
Added Member To Class: ClassName=Controller Member=Component R39 6.2k
Added Member To Class: ClassName=Controller Member=Component R40 76.8k
Added Member To Class: ClassName=Controller Member=Component R41 90.9k
Added Member To Class: ClassName=Controller Member=Component R48 62k
Added Member To Class: ClassName=Controller Member=Component R51 12k
Added Member To Class: ClassName=Controller Member=Component R54 76.8k
Added Member To Class: ClassName=Controller Member=Component R55 90.9k
Added Member To Class: ClassName=Controller Member=Component R64 47k
Added Member To Class: ClassName=Controller Member=Component R65 15k
Added Member To Class: ClassName=Controller Member=Component R66 76.8k
Added Member To Class: ClassName=Controller Member=Component R67 90.9k
Added Member To Class: ClassName=Controller Member=Component U14 TPS54140ADGQ
Added Member To Class: ClassName=Controller Member=Component U22 TPS54140ADGQ
