Removed Pin From Net: NetName=NetC1_2 Pin=U4-5
Removed Pin From Net: NetName=NetC2_2 Pin=U5-5
Removed Pin From Net: NetName=NetC25_2 Pin=U10-5
Removed Pin From Net: NetName=NetC26_2 Pin=U11-5
Change Component Description : Designator=U1 Old Description=Floating channel designed for bootstrap operation New Description=Floating channel designed for bootstrap operation | Fully operational to +600 V | Tolerant to negative transient voltage, dV/dt immune | Gate drive supply range from 10 V to 20 V | Undervoltage lockout for both channels | 3.3 V and 5 V input logic compatible | Matched propagation delay for both channels | Logic and power ground +/- 5 V offset | Lower di/dt gate driver for better noise immunity | Output source/sink current capability 4 A/4 A
Change Component Description : Designator=U2 Old Description=Floating channel designed for bootstrap operation New Description=Floating channel designed for bootstrap operation | Fully operational to +600 V | Tolerant to negative transient voltage, dV/dt immune | Gate drive supply range from 10 V to 20 V | Undervoltage lockout for both channels | 3.3 V and 5 V input logic compatible | Matched propagation delay for both channels | Logic and power ground +/- 5 V offset | Lower di/dt gate driver for better noise immunity | Output source/sink current capability 4 A/4 A
Change Component Description : Designator=U6 Old Description=Floating channel designed for bootstrap operation New Description=Floating channel designed for bootstrap operation | Fully operational to +600 V | Tolerant to negative transient voltage, dV/dt immune | Gate drive supply range from 10 V to 20 V | Undervoltage lockout for both channels | 3.3 V and 5 V input logic compatible | Matched propagation delay for both channels | Logic and power ground +/- 5 V offset | Lower di/dt gate driver for better noise immunity | Output source/sink current capability 4 A/4 A
Change Component Description : Designator=U7 Old Description=Floating channel designed for bootstrap operation New Description=Floating channel designed for bootstrap operation | Fully operational to +600 V | Tolerant to negative transient voltage, dV/dt immune | Gate drive supply range from 10 V to 20 V | Undervoltage lockout for both channels | 3.3 V and 5 V input logic compatible | Matched propagation delay for both channels | Logic and power ground +/- 5 V offset | Lower di/dt gate driver for better noise immunity | Output source/sink current capability 4 A/4 A
Change Component Description : Designator=U8 Old Description=Floating channel designed for bootstrap operation New Description=Floating channel designed for bootstrap operation | Fully operational to +600 V | Tolerant to negative transient voltage, dV/dt immune | Gate drive supply range from 10 V to 20 V | Undervoltage lockout for both channels | 3.3 V and 5 V input logic compatible | Matched propagation delay for both channels | Logic and power ground +/- 5 V offset | Lower di/dt gate driver for better noise immunity | Output source/sink current capability 4 A/4 A
Change Component Description : Designator=U9 Old Description=Floating channel designed for bootstrap operation New Description=Floating channel designed for bootstrap operation | Fully operational to +600 V | Tolerant to negative transient voltage, dV/dt immune | Gate drive supply range from 10 V to 20 V | Undervoltage lockout for both channels | 3.3 V and 5 V input logic compatible | Matched propagation delay for both channels | Logic and power ground +/- 5 V offset | Lower di/dt gate driver for better noise immunity | Output source/sink current capability 4 A/4 A
Change Component Description : Designator=U12 Old Description=Floating channel designed for bootstrap operation New Description=Floating channel designed for bootstrap operation | Fully operational to +600 V | Tolerant to negative transient voltage, dV/dt immune | Gate drive supply range from 10 V to 20 V | Undervoltage lockout for both channels | 3.3 V and 5 V input logic compatible | Matched propagation delay for both channels | Logic and power ground +/- 5 V offset | Lower di/dt gate driver for better noise immunity | Output source/sink current capability 4 A/4 A
Change Component Description : Designator=U13 Old Description=Floating channel designed for bootstrap operation New Description=Floating channel designed for bootstrap operation | Fully operational to +600 V | Tolerant to negative transient voltage, dV/dt immune | Gate drive supply range from 10 V to 20 V | Undervoltage lockout for both channels | 3.3 V and 5 V input logic compatible | Matched propagation delay for both channels | Logic and power ground +/- 5 V offset | Lower di/dt gate driver for better noise immunity | Output source/sink current capability 4 A/4 A
Change Component Description : Designator=U15 Old Description=Floating channel designed for bootstrap operation New Description=Floating channel designed for bootstrap operation | Fully operational to +600 V | Tolerant to negative transient voltage, dV/dt immune | Gate drive supply range from 10 V to 20 V | Undervoltage lockout for both channels | 3.3 V and 5 V input logic compatible | Matched propagation delay for both channels | Logic and power ground +/- 5 V offset | Lower di/dt gate driver for better noise immunity | Output source/sink current capability 4 A/4 A
Change Component Description : Designator=U16 Old Description=Floating channel designed for bootstrap operation New Description=Floating channel designed for bootstrap operation | Fully operational to +600 V | Tolerant to negative transient voltage, dV/dt immune | Gate drive supply range from 10 V to 20 V | Undervoltage lockout for both channels | 3.3 V and 5 V input logic compatible | Matched propagation delay for both channels | Logic and power ground +/- 5 V offset | Lower di/dt gate driver for better noise immunity | Output source/sink current capability 4 A/4 A
Change Component Description : Designator=U20 Old Description=Floating channel designed for bootstrap operation New Description=Floating channel designed for bootstrap operation | Fully operational to +600 V | Tolerant to negative transient voltage, dV/dt immune | Gate drive supply range from 10 V to 20 V | Undervoltage lockout for both channels | 3.3 V and 5 V input logic compatible | Matched propagation delay for both channels | Logic and power ground +/- 5 V offset | Lower di/dt gate driver for better noise immunity | Output source/sink current capability 4 A/4 A
Change Component Description : Designator=U21 Old Description=Floating channel designed for bootstrap operation New Description=Floating channel designed for bootstrap operation | Fully operational to +600 V | Tolerant to negative transient voltage, dV/dt immune | Gate drive supply range from 10 V to 20 V | Undervoltage lockout for both channels | 3.3 V and 5 V input logic compatible | Matched propagation delay for both channels | Logic and power ground +/- 5 V offset | Lower di/dt gate driver for better noise immunity | Output source/sink current capability 4 A/4 A
Change Component Description : Designator=U23 Old Description=Floating channel designed for bootstrap operation New Description=Floating channel designed for bootstrap operation | Fully operational to +600 V | Tolerant to negative transient voltage, dV/dt immune | Gate drive supply range from 10 V to 20 V | Undervoltage lockout for both channels | 3.3 V and 5 V input logic compatible | Matched propagation delay for both channels | Logic and power ground +/- 5 V offset | Lower di/dt gate driver for better noise immunity | Output source/sink current capability 4 A/4 A
Change Component Description : Designator=U24 Old Description=Floating channel designed for bootstrap operation New Description=Floating channel designed for bootstrap operation | Fully operational to +600 V | Tolerant to negative transient voltage, dV/dt immune | Gate drive supply range from 10 V to 20 V | Undervoltage lockout for both channels | 3.3 V and 5 V input logic compatible | Matched propagation delay for both channels | Logic and power ground +/- 5 V offset | Lower di/dt gate driver for better noise immunity | Output source/sink current capability 4 A/4 A
Change Component Description : Designator=U27 Old Description=Floating channel designed for bootstrap operation New Description=Floating channel designed for bootstrap operation | Fully operational to +600 V | Tolerant to negative transient voltage, dV/dt immune | Gate drive supply range from 10 V to 20 V | Undervoltage lockout for both channels | 3.3 V and 5 V input logic compatible | Matched propagation delay for both channels | Logic and power ground +/- 5 V offset | Lower di/dt gate driver for better noise immunity | Output source/sink current capability 4 A/4 A
Change Component Description : Designator=U28 Old Description=Floating channel designed for bootstrap operation New Description=Floating channel designed for bootstrap operation | Fully operational to +600 V | Tolerant to negative transient voltage, dV/dt immune | Gate drive supply range from 10 V to 20 V | Undervoltage lockout for both channels | 3.3 V and 5 V input logic compatible | Matched propagation delay for both channels | Logic and power ground +/- 5 V offset | Lower di/dt gate driver for better noise immunity | Output source/sink current capability 4 A/4 A
Change Component Description : Designator=TB1 Old Description=STM32F407VGT6 Discovery STM32F4 ARMA® CortexA®-M4 MCU 32-Bit Embedded Evaluation Board New Description=STM32F407VGT6 Discovery STM32F4 ARMA® CortexA®-M4 MCU 32-Bit Embedded Evaluation Board
Added Pin To Net: NetName=NetC1_2 Pin=U4-4
Added Pin To Net: NetName=NetC2_2 Pin=U5-4
Added Pin To Net: NetName=NetC25_2 Pin=U10-4
Added Pin To Net: NetName=NetC26_2 Pin=U11-4
Added Pin To Net: NetName=NetU4_5 Pin=U4-5
Added Pin To Net: NetName=NetU4_5 Pin=X1-1
Added Net: Name=NetU4_5
Added Pin To Net: NetName=NetU5_5 Pin=U5-5
Added Pin To Net: NetName=NetU5_5 Pin=X2-1
Added Net: Name=NetU5_5
Added Pin To Net: NetName=NetU10_5 Pin=U10-5
Added Pin To Net: NetName=NetU10_5 Pin=X6-1
Added Net: Name=NetU10_5
Added Pin To Net: NetName=NetU11_5 Pin=U11-5
Added Pin To Net: NetName=NetU11_5 Pin=X7-1
Added Net: Name=NetU11_5
Added Member To Class: ClassName=Controller Member=Component U26 ACS758-150B
Added Room: Name=Controller
