Change Component Designator: Old Designator=C1 New Designator=C2
Change Component Designator: Old Designator=C2 New Designator=C3
Change Component Designator: Old Designator=C3 New Designator=C4
Change Component Designator: Old Designator=C4 New Designator=C5
Change Component Designator: Old Designator=C5 New Designator=C7
Change Component Designator: Old Designator=C6 New Designator=C8
Change Component Designator: Old Designator=C7 New Designator=C10
Change Component Designator: Old Designator=C8 New Designator=C11
Change Component Designator: Old Designator=C9 New Designator=C12
Change Component Designator: Old Designator=C10 New Designator=C14
Change Component Designator: Old Designator=C11 New Designator=C15
Change Component Designator: Old Designator=C12 New Designator=C16
Change Component Designator: Old Designator=C14 New Designator=C17
Change Component Designator: Old Designator=C15 New Designator=C19
Change Component Designator: Old Designator=C16 New Designator=C18
Change Component Designator: Old Designator=C17 New Designator=C20
Change Component Designator: Old Designator=C18 New Designator=C21
Change Component Designator: Old Designator=C19 New Designator=C22
Change Component Designator: Old Designator=C20 New Designator=C23
Change Component Designator: Old Designator=C21 New Designator=C24
Change Component Designator: Old Designator=C22 New Designator=C25
Change Component Designator: Old Designator=C23 New Designator=C9
Change Component Designator: Old Designator=C24 New Designator=C26
Change Component Designator: Old Designator=C25 New Designator=C6
Change Component Designator: Old Designator=C? New Designator=C1
Change Component Designator: Old Designator=CR? New Designator=CR1
Change Component Designator: Old Designator=J? New Designator=J1
Change Component Designator: Old Designator=J? New Designator=J2
Change Component Designator: Old Designator=R5 New Designator=R6
Change Component Designator: Old Designator=R6 New Designator=R7
Change Component Designator: Old Designator=R7 New Designator=R8
Change Component Designator: Old Designator=R8 New Designator=R9
Change Component Designator: Old Designator=R9 New Designator=R10
Change Component Designator: Old Designator=R10 New Designator=R11
Change Component Designator: Old Designator=R12 New Designator=R13
Change Component Designator: Old Designator=R13 New Designator=R16
Change Component Designator: Old Designator=R14 New Designator=R17
Change Component Designator: Old Designator=R15 New Designator=R18
Change Component Designator: Old Designator=R16 New Designator=R19
Change Component Designator: Old Designator=R17 New Designator=R20
Change Component Designator: Old Designator=R18 New Designator=R24
Change Component Designator: Old Designator=R19 New Designator=R25
Change Component Designator: Old Designator=R20 New Designator=R27
Change Component Designator: Old Designator=R21 New Designator=R28
Change Component Designator: Old Designator=R22 New Designator=R29
Change Component Designator: Old Designator=R23 New Designator=R30
Change Component Designator: Old Designator=R24 New Designator=R31
Change Component Designator: Old Designator=R25 New Designator=R32
Change Component Designator: Old Designator=R26 New Designator=R33
Change Component Designator: Old Designator=R27 New Designator=R26
Change Component Designator: Old Designator=R28 New Designator=R12
Change Component Designator: Old Designator=R29 New Designator=R23
Change Component Designator: Old Designator=R30 New Designator=R14
Change Component Designator: Old Designator=R31 New Designator=R15
Change Component Designator: Old Designator=R32 New Designator=R5
Change Component Designator: Old Designator=R33 New Designator=R21
Change Component Designator: Old Designator=R34 New Designator=R22
Change Component Designator: Old Designator=U1 New Designator=U2
Change Component Designator: Old Designator=U2 New Designator=U4
Change Component Designator: Old Designator=U4 New Designator=U6
Change Component Designator: Old Designator=U5 New Designator=U7
Change Component Designator: Old Designator=U6 New Designator=U8
Change Component Designator: Old Designator=U7 New Designator=U9
Change Component Designator: Old Designator=U8 New Designator=U10
Change Component Designator: Old Designator=U9 New Designator=U11
Change Component Designator: Old Designator=U10 New Designator=U12
Change Component Designator: Old Designator=U11 New Designator=U13
Change Component Designator: Old Designator=U12 New Designator=U3
Change Component Designator: Old Designator=U13 New Designator=U5
Change Component Designator: Old Designator=U? New Designator=U1
Change Component Designator: Old Designator=VD1 New Designator=VD8
Change Component Designator: Old Designator=VD3 New Designator=VD4
Change Component Designator: Old Designator=VD4 New Designator=VD7
Change Component Designator: Old Designator=VD6 New Designator=VD10
Change Component Designator: Old Designator=VD7 New Designator=VD3
Change Component Designator: Old Designator=VD8 New Designator=VD11
Change Component Designator: Old Designator=VD9 New Designator=VD5
Change Component Designator: Old Designator=VD10 New Designator=VD6
Change Component Designator: Old Designator=VD11 New Designator=VD9
Change Component Designator: Old Designator=VD? New Designator=VD1
Change Component Designator: Old Designator=VT2 New Designator=VT3
Change Component Designator: Old Designator=VT3 New Designator=VT4
Change Component Designator: Old Designator=VT4 New Designator=VT5
Change Component Designator: Old Designator=VT5 New Designator=VT6
Change Component Designator: Old Designator=VT6 New Designator=VT2
Change Component Designator: Old Designator=X1 New Designator=X2
Change Component Designator: Old Designator=X2 New Designator=X3
Change Component Designator: Old Designator=X3 New Designator=X5
Change Component Designator: Old Designator=X4 New Designator=X6
Change Component Designator: Old Designator=X5 New Designator=X7
Change Component Designator: Old Designator=X6 New Designator=X9
Change Component Designator: Old Designator=X7 New Designator=X10
Change Component Designator: Old Designator=X8 New Designator=X11
Change Component Designator: Old Designator=X9 New Designator=X12
Change Component Designator: Old Designator=X10 New Designator=X13
Change Component Designator: Old Designator=X11 New Designator=X14
Change Component Designator: Old Designator=X12 New Designator=X15
Change Component Designator: Old Designator=X13 New Designator=X16
Change Component Designator: Old Designator=X14 New Designator=X17
Change Component Designator: Old Designator=X15 New Designator=X18
Change Component Designator: Old Designator=X16 New Designator=X1
Change Component Designator: Old Designator=X17 New Designator=X4
Change Component Designator: Old Designator=X18 New Designator=X8
