Added Component: Designator=CR1(SMB_STM)
Add component. Clean all parameters for all variants
Add component (AddParameter): Name = "Built_By"; Value = "EMA_UL_Team"; VariantName = "[No Variations]"
Add component (AddParameter): Name = "Copyright"; Value = "Copyright (C) 2018 Accelerated Designs. All rights reserved"; VariantName = "[No Variations]"
Add component (AddParameter): Name = "Manufacturer_Part_Number"; Value = "SM6T18CA"; VariantName = "[No Variations]"
Add component (AddParameter): Name = "RefDes"; Value = "RefDes"; VariantName = "[No Variations]"
Add component (AddParameter): Name = "SourceLibrary"; Value = "StMicro_2011-06-07"; VariantName = "[No Variations]"
Add component (AddParameter): Name = "Type"; Value = "DEV"; VariantName = "[No Variations]"
Add component (AddParameter): Name = "Vendor"; Value = "STMicroelectronics"; VariantName = "[No Variations]"
Added Component: Designator=J1(CONN_B4B-XH-A (L)
Add component. Clean all parameters for all variants
Add component (AddParameter): Name = "Built_By"; Value = "EMA_Cory"; VariantName = "[No Variations]"
Add component (AddParameter): Name = "Copyright"; Value = "Copyright (C) 2018 Accelerated Designs. All rights reserved"; VariantName = "[No Variations]"
Add component (AddParameter): Name = "Datasheet"; Value = "http://www.jst-mfg.com/product/pdf/eng/eXH.pdf"; VariantName = "[No Variations]"
Add component (AddParameter): Name = "Manufacturer_Part_Number"; Value = "B4B-XH-A (LF)(SN)"; VariantName = "[No Variations]"
Add component (AddParameter): Name = "RefDes"; Value = "RefDes"; VariantName = "[No Variations]"
Add component (AddParameter): Name = "Type"; Value = "DEV"; VariantName = "[No Variations]"
Add component (AddParameter): Name = "Value"; Value = "Value"; VariantName = "[No Variations]"
Add component (AddParameter): Name = "Vendor"; Value = "JST"; VariantName = "[No Variations]"
Added Component: Designator=U3(SOIC8-N_MC_MCH)
Add component. Clean all parameters for all variants
Add component (AddParameter): Name = "Built_By"; Value = "EMA_Jessica"; VariantName = "[No Variations]"
Add component (AddParameter): Name = "Copyright"; Value = "Copyright (C) 2018 Accelerated Designs. All rights reserved"; VariantName = "[No Variations]"
Add component (AddParameter): Name = "Manufacturer_Part_Number"; Value = "MCP2562FD-E/SN"; VariantName = "[No Variations]"
Add component (AddParameter): Name = "RefDes"; Value = "RefDes"; VariantName = "[No Variations]"
Add component (AddParameter): Name = "SourceLibrary"; Value = "Microchip_2019-08-23_14"; VariantName = "[No Variations]"
Add component (AddParameter): Name = "Type"; Value = "DEV"; VariantName = "[No Variations]"
Add component (AddParameter): Name = "Vendor"; Value = "Microchip"; VariantName = "[No Variations]"
Added Pin To Net: NetName=SWO Pin=X1-1
Added Pin To Net: NetName=SWDIO Pin=X1-2
Added Pin To Net: NetName=SWCLK Pin=X1-3
Added Pin To Net: NetName=GND Pin=X1-4
Added Pin To Net: NetName=CAN_RX Pin=U1-32
Added Net: Name=CAN_RX
Added Pin To Net: NetName=CAN_TX Pin=U1-33
Added Net: Name=CAN_TX
Added Member To Class: ClassName=WaveSch Member=Component C1 0.1uF
Added Member To Class: ClassName=WaveSch Member=Component CR1 SM6T18CA
Added Member To Class: ClassName=WaveSch Member=Component J1 Part Number: B4B-XH-A (LF)(SN)
Added Member To Class: ClassName=WaveSch Member=Component U3 MCP2562FD-E/SN
Added Member To Class: ClassName=WaveSch Member=Component X1 PLS6R
Added Room: Name=WaveSch
