Added Component: Designator=C1(CAPT3216N)
Added Component: Designator=U1(SOIC28-W_MC)
Added Component: Designator=VD1(MELF_SOD-80)
Added Component: Designator=VD2(MELF_SOD-80)
Added Component: Designator=X1(GY9250)
Added Pin To Net: NetName=NetC1_1 Pin=C1-1
Added Pin To Net: NetName=NetC1_2 Pin=C1-2
Added Pin To Net: NetName=NetC1_2 Pin=U1-1
Added Pin To Net: NetName=NetC1_1 Pin=U1-2
Added Pin To Net: NetName=NetU1_6 Pin=U1-6
Added Pin To Net: NetName=NetU1_9 Pin=U1-9
Added Pin To Net: NetName=NetU1_9 Pin=U1-10
Added Pin To Net: NetName=NetU1_9 Pin=U1-11
Added Pin To Net: NetName=NetU1_9 Pin=U1-12
Added Pin To Net: NetName=NetU1_9 Pin=U1-13
Added Pin To Net: NetName=NetU1_9 Pin=U1-14
Added Pin To Net: NetName=NetU1_15 Pin=U1-15
Added Pin To Net: NetName=NetU1_16 Pin=U1-16
Added Pin To Net: NetName=NetU1_17 Pin=U1-17
Added Pin To Net: NetName=NetU1_18 Pin=U1-18
Added Pin To Net: NetName=NetU1_19 Pin=U1-19
Added Pin To Net: NetName=NetU1_20 Pin=U1-20
Added Pin To Net: NetName=NetU1_21 Pin=U1-21
Added Pin To Net: NetName=NetU1_22 Pin=U1-22
Added Pin To Net: NetName=NetU1_23 Pin=U1-23
Added Pin To Net: NetName=NetU1_24 Pin=U1-24
Added Pin To Net: NetName=NetU1_27 Pin=U1-27
Added Pin To Net: NetName=NetU1_28 Pin=U1-28
Added Pin To Net: NetName=NetU1_27 Pin=VD1-1
Added Pin To Net: NetName=NetU1_6 Pin=VD1-2
Added Pin To Net: NetName=NetU1_28 Pin=VD2-1
Added Pin To Net: NetName=NetU1_9 Pin=VD2-2
Added Pin To Net: NetName=NetU1_24 Pin=X1-1
Added Pin To Net: NetName=NetU1_23 Pin=X1-2
Added Pin To Net: NetName=NetU1_22 Pin=X1-3
Added Pin To Net: NetName=NetU1_21 Pin=X1-4
Added Pin To Net: NetName=NetU1_20 Pin=X1-5
Added Pin To Net: NetName=NetU1_19 Pin=X1-6
Added Pin To Net: NetName=NetU1_18 Pin=X1-7
Added Pin To Net: NetName=NetU1_17 Pin=X1-8
Added Pin To Net: NetName=NetU1_16 Pin=X1-9
Added Pin To Net: NetName=NetU1_15 Pin=X1-10
Added Member To Class: ClassName=WaveSch Member=Component C1 T491A106K006AT
Added Member To Class: ClassName=WaveSch Member=Component U1 PIC18F25K20-I/SO
Added Member To Class: ClassName=WaveSch Member=Component VD1 LL4148-GS08
Added Member To Class: ClassName=WaveSch Member=Component VD2 LL4148-GS08
Added Member To Class: ClassName=WaveSch Member=Component X1 GY9250
Added Room: Name=WaveSch
