Removed Member From Class: ClassName=WaveSch Member=X2
Change Component Comment : Designator=C11 Old Comment=Part Number: 0603ZC224JAT2A New Comment=0.1uF
Change Component Comment : Designator=J1 Old Comment=Part Number: B4B-XH-A (LF)(SN) New Comment=B4B-XH-A (LF)(SN)
Change Component Designator: OldDesignator=C1 NewDesignator=C3
Change Component Designator: OldDesignator=C2 NewDesignator=C4
Change Component Designator: OldDesignator=C3 NewDesignator=C5
Change Component Designator: OldDesignator=C4 NewDesignator=C6
Change Component Designator: OldDesignator=C5 NewDesignator=C7
Change Component Designator: OldDesignator=C6 NewDesignator=C9
Change Component Designator: OldDesignator=C7 NewDesignator=C10
Change Component Designator: OldDesignator=C8 NewDesignator=C12
Change Component Designator: OldDesignator=C9 NewDesignator=C13
Change Component Designator: OldDesignator=C10 NewDesignator=C14
Change Component Designator: OldDesignator=CR1 NewDesignator=VD1
Change Component Designator: OldDesignator=J1 NewDesignator=X2
Change Component Designator: OldDesignator=R2 NewDesignator=R3
Change Component Designator: OldDesignator=U1 NewDesignator=U2
Change Component Designator: OldDesignator=U2 NewDesignator=U3
Change Component Designator: OldDesignator=U3 NewDesignator=U4
Change component parameters: Designator = "R1"; Footprint = "RC0603N"; UniqueID = "\FASYVCLP"
Change component parameters. Clean all parameters for all variants
Change component parameters (AddParameter): Name = "Built_By"; Value = "EMA_UL_Team"; VariantName = "[No Variations]"
Change component parameters (AddParameter): Name = "Copyright"; Value = "Copyright (C) 2018 Accelerated Designs. All rights reserved"; VariantName = "[No Variations]"
Change component parameters (AddParameter): Name = "Manufacturer_Part_Number"; Value = "470"; VariantName = "[No Variations]"
Change component parameters (AddParameter): Name = "RefDes"; Value = "RefDes"; VariantName = "[No Variations]"
Change component parameters (AddParameter): Name = "Type"; Value = "DEV"; VariantName = "[No Variations]"
Change component parameters (AddParameter): Name = "Value"; Value = "Value"; VariantName = "[No Variations]"
Change component parameters (AddParameter): Name = "Vendor"; Value = "Panasonic"; VariantName = "[No Variations]"
Change component parameters: Designator = "R3"; Footprint = "RC0603N"; UniqueID = "\PXNQWRDN"
Change component parameters. Clean all parameters for all variants
Change component parameters (AddParameter): Name = "Built_By"; Value = "EMA_UL_Team"; VariantName = "[No Variations]"
Change component parameters (AddParameter): Name = "Copyright"; Value = "Copyright (C) 2018 Accelerated Designs. All rights reserved"; VariantName = "[No Variations]"
Change component parameters (AddParameter): Name = "Manufacturer_Part_Number"; Value = "10k"; VariantName = "[No Variations]"
Change component parameters (AddParameter): Name = "RefDes"; Value = "RefDes"; VariantName = "[No Variations]"
Change component parameters (AddParameter): Name = "Type"; Value = "DEV"; VariantName = "[No Variations]"
Change component parameters (AddParameter): Name = "Value"; Value = "Value"; VariantName = "[No Variations]"
Change component parameters (AddParameter): Name = "Vendor"; Value = "Panasonic"; VariantName = "[No Variations]"
Added Component: Designator=C1(CAP_293D_A)
Add component. Clean all parameters for all variants
Add component (AddParameter): Name = "Built_By"; Value = "EMA_UL_Team"; VariantName = "[No Variations]"
Add component (AddParameter): Name = "Copyright"; Value = "Copyright (C) 2018 Accelerated Designs. All rights reserved"; VariantName = "[No Variations]"
Add component (AddParameter): Name = "Manufacturer_Part_Number"; Value = "293D475X9020A2TE3"; VariantName = "[No Variations]"
Add component (AddParameter): Name = "RefDes"; Value = "RefDes"; VariantName = "[No Variations]"
Add component (AddParameter): Name = "Type"; Value = "DEV"; VariantName = "[No Variations]"
Add component (AddParameter): Name = "Value"; Value = "Value"; VariantName = "[No Variations]"
Add component (AddParameter): Name = "Vendor"; Value = "Vishay"; VariantName = "[No Variations]"
Added Component: Designator=C2(0603-L)
Add component. Clean all parameters for all variants
Add component (AddParameter): Name = "Built_By"; Value = "EMA_UL_Team"; VariantName = "[No Variations]"
Add component (AddParameter): Name = "Copyright"; Value = "Copyright (C) 2018 Accelerated Designs. All rights reserved"; VariantName = "[No Variations]"
Add component (AddParameter): Name = "Manufacturer_Part_Number"; Value = "0603ZC224JAT2A"; VariantName = "[No Variations]"
Add component (AddParameter): Name = "RefDes"; Value = "RefDes"; VariantName = "[No Variations]"
Add component (AddParameter): Name = "Type"; Value = "DEV"; VariantName = "[No Variations]"
Add component (AddParameter): Name = "Value"; Value = "Value"; VariantName = "[No Variations]"
Add component (AddParameter): Name = "Vendor"; Value = "AVX Corporation"; VariantName = "[No Variations]"
Added Component: Designator=C8(0603-L)
Add component. Clean all parameters for all variants
Add component (AddParameter): Name = "Built_By"; Value = "EMA_UL_Team"; VariantName = "[No Variations]"
Add component (AddParameter): Name = "Copyright"; Value = "Copyright (C) 2018 Accelerated Designs. All rights reserved"; VariantName = "[No Variations]"
Add component (AddParameter): Name = "Manufacturer_Part_Number"; Value = "0603ZC224JAT2A"; VariantName = "[No Variations]"
Add component (AddParameter): Name = "RefDes"; Value = "RefDes"; VariantName = "[No Variations]"
Add component (AddParameter): Name = "Type"; Value = "DEV"; VariantName = "[No Variations]"
Add component (AddParameter): Name = "Value"; Value = "Value"; VariantName = "[No Variations]"
Add component (AddParameter): Name = "Vendor"; Value = "AVX Corporation"; VariantName = "[No Variations]"
Added Component: Designator=R2(RC0603N)
Add component. Clean all parameters for all variants
Add component (AddParameter): Name = "Built_By"; Value = "EMA_UL_Team"; VariantName = "[No Variations]"
Add component (AddParameter): Name = "Copyright"; Value = "Copyright (C) 2018 Accelerated Designs. All rights reserved"; VariantName = "[No Variations]"
Add component (AddParameter): Name = "Manufacturer_Part_Number"; Value = "120"; VariantName = "[No Variations]"
Add component (AddParameter): Name = "RefDes"; Value = "RefDes"; VariantName = "[No Variations]"
Add component (AddParameter): Name = "Type"; Value = "DEV"; VariantName = "[No Variations]"
Add component (AddParameter): Name = "Value"; Value = "Value"; VariantName = "[No Variations]"
Add component (AddParameter): Name = "Vendor"; Value = "Panasonic"; VariantName = "[No Variations]"
Added Component: Designator=U1(DPAK_STM)
Add component. Clean all parameters for all variants
Add component (AddParameter): Name = "Built_By"; Value = "EMA_UL_Team"; VariantName = "[No Variations]"
Add component (AddParameter): Name = "Copyright"; Value = "Copyright (C) 2018 Accelerated Designs. All rights reserved"; VariantName = "[No Variations]"
Add component (AddParameter): Name = "Manufacturer_Part_Number"; Value = "LF33CDT-TRY"; VariantName = "[No Variations]"
Add component (AddParameter): Name = "RefDes"; Value = "RefDes"; VariantName = "[No Variations]"
Add component (AddParameter): Name = "SourceLibrary"; Value = "StMicro_2015-03-30"; VariantName = "[No Variations]"
Add component (AddParameter): Name = "Type"; Value = "DEV"; VariantName = "[No Variations]"
Add component (AddParameter): Name = "Vendor"; Value = "STMicroelectronics"; VariantName = "[No Variations]"
Added Component: Designator=X3(CONN_B4B-XH-A (L)
Add component. Clean all parameters for all variants
Add component (AddParameter): Name = "Built_By"; Value = "EMA_Cory"; VariantName = "[No Variations]"
Add component (AddParameter): Name = "Copyright"; Value = "Copyright (C) 2018 Accelerated Designs. All rights reserved"; VariantName = "[No Variations]"
Add component (AddParameter): Name = "Datasheet"; Value = "http://www.jst-mfg.com/product/pdf/eng/eXH.pdf"; VariantName = "[No Variations]"
Add component (AddParameter): Name = "Manufacturer_Part_Number"; Value = "B4B-XH-A (LF)(SN)"; VariantName = "[No Variations]"
Add component (AddParameter): Name = "RefDes"; Value = "RefDes"; VariantName = "[No Variations]"
Add component (AddParameter): Name = "Type"; Value = "DEV"; VariantName = "[No Variations]"
Add component (AddParameter): Name = "Value"; Value = "Value"; VariantName = "[No Variations]"
Add component (AddParameter): Name = "Vendor"; Value = "JST"; VariantName = "[No Variations]"
Added Component: Designator=X4(GY9250)
Add component. Clean all parameters for all variants
Added Component: Designator=X5(PLS-8)
Add component. Clean all parameters for all variants
Add component (AddParameter): Name = "Built_By"; Value = "EMA_UL_Team"; VariantName = "[No Variations]"
Add component (AddParameter): Name = "Copyright"; Value = "Copyright (C) 2018 Accelerated Designs. All rights reserved"; VariantName = "[No Variations]"
Add component (AddParameter): Name = "Manufacturer_Part_Number"; Value = "PLS10"; VariantName = "[No Variations]"
Add component (AddParameter): Name = "RefDes"; Value = "RefDes"; VariantName = "[No Variations]"
Add component (AddParameter): Name = "Type"; Value = "DEV"; VariantName = "[No Variations]"
Add component (AddParameter): Name = "Value"; Value = "Value"; VariantName = "[No Variations]"
Add component (AddParameter): Name = "Vendor"; Value = "JST"; VariantName = "[No Variations]"
Added Pin To Net: NetName=GND Pin=C1-2
Added Pin To Net: NetName=GND Pin=C2-1
Added Pin To Net: NetName=GND Pin=C8-1
Added Pin To Net: NetName=GND Pin=C11-1
Added Pin To Net: NetName=+3.3V Pin=C11-2
Added Pin To Net: NetName=+3.3V Pin=U1-2
Added Pin To Net: NetName=GND Pin=U1-3
Added Pin To Net: NetName=CAN_TX Pin=U4-1
Added Pin To Net: NetName=GND Pin=U4-2
Added Pin To Net: NetName=CAN_RX Pin=U4-4
Added Pin To Net: NetName=+3.3V Pin=U4-5
Added Pin To Net: NetName=GND Pin=X2-4
Added Pin To Net: NetName=GND Pin=X3-4
Added Pin To Net: NetName=GND Pin=X4-2
Added Pin To Net: NetName=+3.3V Pin=X5-8
Added Pin To Net: NetName=GND Pin=X5-10
Change Net Name : Old Net Name=NetC4_2 New Net Name=NetC6_2
Change Net Name : Old Net Name=NetC5_2 New Net Name=NetC7_2
Change Net Name : Old Net Name=NetC8_2 New Net Name=NetC12_2
Added Pin To Net: NetName=+5V Pin=C1-1
Added Pin To Net: NetName=+5V Pin=C2-2
Added Pin To Net: NetName=+5V Pin=C8-2
Added Pin To Net: NetName=+5V Pin=U1-1
Added Pin To Net: NetName=+5V Pin=U4-3
Added Pin To Net: NetName=+5V Pin=X2-1
Added Pin To Net: NetName=+5V Pin=X3-1
Added Pin To Net: NetName=+5V Pin=X4-1
Added Pin To Net: NetName=+5V Pin=X5-9
Added Net: Name=+5V
Added Pin To Net: NetName=CANH Pin=R2-1
Added Pin To Net: NetName=CANH Pin=U4-7
Added Pin To Net: NetName=CANH Pin=VD1-2
Added Pin To Net: NetName=CANH Pin=X2-2
Added Pin To Net: NetName=CANH Pin=X3-2
Added Net: Name=CANH
Added Pin To Net: NetName=CANL Pin=R2-2
Added Pin To Net: NetName=CANL Pin=U4-6
Added Pin To Net: NetName=CANL Pin=VD1-1
Added Pin To Net: NetName=CANL Pin=X2-3
Added Pin To Net: NetName=CANL Pin=X3-3
Added Net: Name=CANL
Added Pin To Net: NetName=CS Pin=U2-18
Added Pin To Net: NetName=CS Pin=X4-9
Added Net: Name=CS
Added Pin To Net: NetName=INT Pin=U2-19
Added Pin To Net: NetName=INT Pin=X4-8
Added Net: Name=INT
Added Pin To Net: NetName=PA1 Pin=U2-11
Added Pin To Net: NetName=PA1 Pin=X5-1
Added Net: Name=PA1
Added Pin To Net: NetName=PA2 Pin=U2-12
Added Pin To Net: NetName=PA2 Pin=X5-2
Added Net: Name=PA2
Added Pin To Net: NetName=PA3 Pin=U2-13
Added Pin To Net: NetName=PA3 Pin=X5-3
Added Net: Name=PA3
Added Pin To Net: NetName=PA4 Pin=U2-14
Added Pin To Net: NetName=PA4 Pin=X5-4
Added Net: Name=PA4
Added Pin To Net: NetName=PB12 Pin=U2-25
Added Pin To Net: NetName=PB12 Pin=X5-5
Added Net: Name=PB12
Added Pin To Net: NetName=PB13 Pin=U2-26
Added Pin To Net: NetName=PB13 Pin=X5-6
Added Net: Name=PB13
Added Pin To Net: NetName=PB14 Pin=U2-27
Added Pin To Net: NetName=PB14 Pin=X5-7
Added Net: Name=PB14
Added Pin To Net: NetName=SPI1_MISO Pin=U2-16
Added Pin To Net: NetName=SPI1_MISO Pin=X4-7
Added Net: Name=SPI1_MISO
Added Pin To Net: NetName=SPI1_MOSI Pin=U2-17
Added Pin To Net: NetName=SPI1_MOSI Pin=X4-4
Added Net: Name=SPI1_MOSI
Added Pin To Net: NetName=SPI1_SCK Pin=U2-15
Added Pin To Net: NetName=SPI1_SCK Pin=X4-3
Added Net: Name=SPI1_SCK
Added Pin To Net: NetName=STBY Pin=U2-31
Added Pin To Net: NetName=STBY Pin=U4-8
Added Net: Name=STBY
Added Member To Class: ClassName=WaveSch Member=Component C12 0.1uF
Added Member To Class: ClassName=WaveSch Member=Component C13 293D475X9020A2TE3
Added Member To Class: ClassName=WaveSch Member=Component C14 0.1uF
Added Member To Class: ClassName=WaveSch Member=Component R3 10k
Added Member To Class: ClassName=WaveSch Member=Component U4 MCP2562FD-E/SN
Added Member To Class: ClassName=WaveSch Member=Component X3 B4B-XH-A (LF)(SN)
Added Member To Class: ClassName=WaveSch Member=Component X4 GY9250
Added Member To Class: ClassName=WaveSch Member=Component X5 PLS10
Added Room: Name=WaveSch
