Change Component Designator: Old Designator=C1 New Designator=C3
Change Component Designator: Old Designator=C2 New Designator=C4
Change Component Designator: Old Designator=C3 New Designator=C5
Change Component Designator: Old Designator=C4 New Designator=C6
Change Component Designator: Old Designator=C5 New Designator=C7
Change Component Designator: Old Designator=C6 New Designator=C9
Change Component Designator: Old Designator=C7 New Designator=C8
Change Component Designator: Old Designator=C7 New Designator=C10
Change Component Designator: Old Designator=C7 New Designator=C11
Change Component Designator: Old Designator=C8 New Designator=C2
Change Component Designator: Old Designator=C8 New Designator=C12
Change Component Designator: Old Designator=C9 New Designator=C1
Change Component Designator: Old Designator=C9 New Designator=C13
Change Component Designator: Old Designator=C10 New Designator=C14
Change Component Designator: Old Designator=R2 New Designator=R3
Change Component Designator: Old Designator=U1 New Designator=U2
Change Component Designator: Old Designator=U2 New Designator=U3
Change Component Designator: Old Designator=U3 New Designator=U4
Change Component Designator: Old Designator=U? New Designator=U1
Change Component Designator: Old Designator=VD? New Designator=VD1
Change Component Designator: Old Designator=X? New Designator=X2
Change Component Designator: Old Designator=X? New Designator=X3
Change Component Designator: Old Designator=X? New Designator=X4
Change Component Designator: Old Designator=X? New Designator=X5
