Added Component: Designator=C1(CAPT3216N)
Added Component: Designator=C?(0603)
Added Component: Designator=P1(HDR1X4)
Added Component: Designator=P2(HDR1X5)
Added Component: Designator=P3(HDR1X10)
Added Component: Designator=R?(RC0603N)
Added Component: Designator=U1(SOIC28-W_MC)
Added Component: Designator=VD1(MELF_SOD-80)
Added Component: Designator=VD2(MELF_SOD-80)
Added Component: Designator=Y1(ABLS_Series)
Added Pin To Net: NetName=NetC1_1 Pin=C1-1
Added Pin To Net: NetName=NetC1_2 Pin=C1-2
Added Pin To Net: NetName=NetC1_2 Pin=U1-1
Added Pin To Net: NetName=NetC1_1 Pin=U1-2
Added Pin To Net: NetName=NetU1_6 Pin=U1-6
Added Pin To Net: NetName=NetU1_9 Pin=U1-9
Added Pin To Net: NetName=NetU1_9 Pin=U1-10
Added Pin To Net: NetName=NetU1_9 Pin=U1-11
Added Pin To Net: NetName=NetU1_9 Pin=U1-12
Added Pin To Net: NetName=NetU1_9 Pin=U1-13
Added Pin To Net: NetName=NetU1_9 Pin=U1-14
Added Pin To Net: NetName=NetU1_27 Pin=U1-27
Added Pin To Net: NetName=NetU1_28 Pin=U1-28
Added Pin To Net: NetName=NetU1_27 Pin=VD1-1
Added Pin To Net: NetName=NetU1_6 Pin=VD1-2
Added Pin To Net: NetName=NetU1_28 Pin=VD2-1
Added Pin To Net: NetName=NetU1_9 Pin=VD2-2
Added Member To Class: ClassName=WaveSch Member=Component C1 T491A106K006AT
Added Member To Class: ClassName=WaveSch Member=Component C? Part Number: 0603ZC224JAT2A
Added Member To Class: ClassName=WaveSch Member=Component P1 Header 4
Added Member To Class: ClassName=WaveSch Member=Component P2 Header 5
Added Member To Class: ClassName=WaveSch Member=Component P3 Header 10
Added Member To Class: ClassName=WaveSch Member=Component R? Part Number: ERA-3AEB101V
Added Member To Class: ClassName=WaveSch Member=Component U1 PIC18F25K20-I/SO
Added Member To Class: ClassName=WaveSch Member=Component VD1 LL4148-GS08
Added Member To Class: ClassName=WaveSch Member=Component VD2 LL4148-GS08
Added Member To Class: ClassName=WaveSch Member=Component Y1 Part Number: ABLS-7.3728MHZ-CL-RESR-A-1-G-F
Added Room: Name=WaveSch
